<?xml version="1.0" encoding="utf-8"?><testsuites name="pytest tests"><testsuite name="pytest" errors="0" failures="0" skipped="0" tests="20" time="8.305" timestamp="2026-09-15T13:59:13.106434+00:00" hostname="agent-env-3c5d6f4d-2d25-45b5-9d6d-bf16a5405d9c"><testcase classname="tests.backend_test.TestAuth" name="test_register_new_user" time="0.380" /><testcase classname="tests.backend_test.TestAuth" name="test_register_duplicate_returns_400" time="0.224" /><testcase classname="tests.backend_test.TestScansFilesStats" name="test_01_create_scan" time="5.794" /><testcase classname="tests.backend_test.TestAuth" name="test_login_demo_success" time="0.314" /><testcase classname="tests.backend_test.TestAuth" name="test_login_bad_password_401" time="2.238" /><testcase classname="tests.backend_test.TestAuth" name="test_me_without_token_401" time="0.101" /><testcase classname="tests.backend_test.TestAuth" name="test_me_with_token" time="0.194" /><testcase classname="tests.backend_test.TestAuth" name="test_google_callback_invalid_session" time="0.344" /><testcase classname="tests.test_regression_apikey" name="test_scan_list_has_no_invalid_api_key" time="0.444" /><testcase classname="tests.test_regression_apikey" name="test_scan_create_does_not_leak_api_key_error" time="2.011" /><testcase classname="tests.backend_test.TestScansFilesStats" name="test_02_list_scans_contains_new" time="0.136" /><testcase classname="tests.backend_test.TestScansFilesStats" name="test_03_get_scan_single" time="0.108" /><testcase classname="tests.backend_test.TestScansFilesStats" name="test_04_get_scan_unauth" time="0.242" /><testcase classname="tests.test_regression_apikey" name="test_scan_list_after_create_still_clean" time="0.464" /><testcase classname="tests.backend_test.TestScansFilesStats" name="test_05_own_file_download" time="0.433" /><testcase classname="tests.backend_test.TestScansFilesStats" name="test_06_file_download_with_query_auth" time="0.536" /><testcase classname="tests.backend_test" name="test_health" time="0.097" /><testcase classname="tests.backend_test.TestScansFilesStats" name="test_07_other_user_forbidden" time="0.458" /><testcase classname="tests.backend_test.TestScansFilesStats" name="test_08_stats_summary" time="0.076" /><testcase classname="tests.backend_test.TestScansFilesStats" name="test_09_delete_scan" time="0.199" /></testsuite></testsuites>